<?xml version="1.0" encoding="UTF-8"?>
<coverage generated="1383166739">
  <project timestamp="1383166739">
    <package name="Acme\DemoBundle">
      <file name="/home/synapse/CulturalStore/lappstack/project/CulturalStore/src/Acme/DemoBundle/AcmeDemoBundle.php">
        <class name="AcmeDemoBundle" namespace="Acme\DemoBundle">
          <metrics methods="0" coveredmethods="0" conditionals="0" coveredconditionals="0" statements="0" coveredstatements="0" elements="0" coveredelements="0"/>
        </class>
        <line num="10" type="stmt" count="1"/>
        <metrics loc="9" ncloc="9" classes="1" methods="0" coveredmethods="0" conditionals="0" coveredconditionals="0" statements="0" coveredstatements="0" elements="0" coveredelements="0"/>
      </file>
    </package>
    <package name="Acme\DemoBundle\Controller">
      <file name="/home/synapse/CulturalStore/lappstack/project/CulturalStore/src/Acme/DemoBundle/Controller/DemoController.php">
        <class name="DemoController" namespace="Acme\DemoBundle\Controller">
          <metrics methods="3" coveredmethods="1" conditionals="0" coveredconditionals="0" statements="12" coveredstatements="1" elements="15" coveredelements="2"/>
        </class>
        <line num="19" type="method" name="indexAction" crap="2" count="0"/>
        <line num="21" type="stmt" count="0"/>
        <line num="28" type="method" name="helloAction" crap="1" count="1"/>
        <line num="30" type="stmt" count="1"/>
        <line num="37" type="method" name="contactAction" crap="12" count="0"/>
        <line num="39" type="stmt" count="0"/>
        <line num="41" type="stmt" count="0"/>
        <line num="42" type="stmt" count="0"/>
        <line num="43" type="stmt" count="0"/>
        <line num="44" type="stmt" count="0"/>
        <line num="45" type="stmt" count="0"/>
        <line num="49" type="stmt" count="0"/>
        <line num="51" type="stmt" count="0"/>
        <line num="53" type="stmt" count="0"/>
        <line num="55" type="stmt" count="0"/>
        <line num="58" type="stmt" count="1"/>
        <metrics loc="57" ncloc="39" classes="1" methods="3" coveredmethods="1" conditionals="0" coveredconditionals="0" statements="12" coveredstatements="1" elements="15" coveredelements="2"/>
      </file>
      <file name="/home/synapse/CulturalStore/lappstack/project/CulturalStore/src/Acme/DemoBundle/Controller/SecuredController.php">
        <class name="SecuredController" namespace="Acme\DemoBundle\Controller">
          <metrics methods="5" coveredmethods="0" conditionals="0" coveredconditionals="0" statements="11" coveredstatements="0" elements="16" coveredelements="0"/>
        </class>
        <line num="20" type="method" name="loginAction" crap="6" count="0"/>
        <line num="22" type="stmt" count="0"/>
        <line num="23" type="stmt" count="0"/>
        <line num="24" type="stmt" count="0"/>
        <line num="25" type="stmt" count="0"/>
        <line num="29" type="stmt" count="0"/>
        <line num="30" type="stmt" count="0"/>
        <line num="31" type="stmt" count="0"/>
        <line num="37" type="method" name="securityCheckAction" crap="2" count="0"/>
        <line num="40" type="stmt" count="0"/>
        <line num="45" type="method" name="logoutAction" crap="2" count="0"/>
        <line num="48" type="stmt" count="0"/>
        <line num="55" type="method" name="helloAction" crap="2" count="0"/>
        <line num="57" type="stmt" count="0"/>
        <line num="64" type="method" name="helloadminAction" crap="2" count="0"/>
        <line num="66" type="stmt" count="0"/>
        <line num="69" type="stmt" count="1"/>
        <metrics loc="68" ncloc="42" classes="1" methods="5" coveredmethods="0" conditionals="0" coveredconditionals="0" statements="11" coveredstatements="0" elements="16" coveredelements="0"/>
      </file>
      <file name="/home/synapse/CulturalStore/lappstack/project/CulturalStore/src/Acme/DemoBundle/Controller/WelcomeController.php">
        <class name="WelcomeController" namespace="Acme\DemoBundle\Controller">
          <metrics methods="1" coveredmethods="0" conditionals="0" coveredconditionals="0" statements="1" coveredstatements="0" elements="2" coveredelements="0"/>
        </class>
        <line num="9" type="method" name="indexAction" crap="2" count="0"/>
        <line num="16" type="stmt" count="0"/>
        <line num="19" type="stmt" count="1"/>
        <metrics loc="18" ncloc="13" classes="1" methods="1" coveredmethods="0" conditionals="0" coveredconditionals="0" statements="1" coveredstatements="0" elements="2" coveredelements="0"/>
      </file>
    </package>
    <package name="Acme\DemoBundle\DependencyInjection">
      <file name="/home/synapse/CulturalStore/lappstack/project/CulturalStore/src/Acme/DemoBundle/DependencyInjection/AcmeDemoExtension.php">
        <class name="AcmeDemoExtension" namespace="Acme\DemoBundle\DependencyInjection">
          <metrics methods="2" coveredmethods="2" conditionals="0" coveredconditionals="0" statements="4" coveredstatements="4" elements="6" coveredelements="6"/>
        </class>
        <line num="12" type="method" name="load" crap="1" count="1"/>
        <line num="14" type="stmt" count="1"/>
        <line num="15" type="stmt" count="1"/>
        <line num="16" type="stmt" count="1"/>
        <line num="18" type="method" name="getAlias" crap="1" count="1"/>
        <line num="20" type="stmt" count="1"/>
        <line num="23" type="stmt" count="1"/>
        <metrics loc="22" ncloc="22" classes="1" methods="2" coveredmethods="2" conditionals="0" coveredconditionals="0" statements="4" coveredstatements="4" elements="6" coveredelements="6"/>
      </file>
    </package>
    <package name="Acme\DemoBundle\EventListener">
      <file name="/home/synapse/CulturalStore/lappstack/project/CulturalStore/src/Acme/DemoBundle/EventListener/ControllerListener.php">
        <class name="ControllerListener" namespace="Acme\DemoBundle\EventListener">
          <metrics methods="2" coveredmethods="2" conditionals="0" coveredconditionals="0" statements="6" coveredstatements="6" elements="8" coveredelements="8"/>
        </class>
        <line num="13" type="method" name="__construct" crap="1" count="1"/>
        <line num="15" type="stmt" count="1"/>
        <line num="16" type="stmt" count="1"/>
        <line num="18" type="method" name="onKernelController" crap="2" count="1"/>
        <line num="20" type="stmt" count="1"/>
        <line num="21" type="stmt" count="1"/>
        <line num="22" type="stmt" count="1"/>
        <line num="23" type="stmt" count="1"/>
        <line num="25" type="stmt" count="1"/>
        <metrics loc="24" ncloc="24" classes="1" methods="2" coveredmethods="2" conditionals="0" coveredconditionals="0" statements="6" coveredstatements="6" elements="8" coveredelements="8"/>
      </file>
    </package>
    <package name="Acme\DemoBundle\Form">
      <file name="/home/synapse/CulturalStore/lappstack/project/CulturalStore/src/Acme/DemoBundle/Form/ContactType.php">
        <class name="ContactType" namespace="Acme\DemoBundle\Form">
          <metrics methods="2" coveredmethods="0" conditionals="0" coveredconditionals="0" statements="9" coveredstatements="0" elements="11" coveredelements="0"/>
        </class>
        <line num="10" type="method" name="buildForm" crap="2" count="0"/>
        <line num="11" type="stmt" count="0"/>
        <line num="12" type="stmt" count="0"/>
        <line num="13" type="stmt" count="0"/>
        <line num="14" type="stmt" count="0"/>
        <line num="16" type="method" name="getName" crap="2" count="0"/>
        <line num="17" type="stmt" count="0"/>
        <line num="18" type="stmt" count="0"/>
        <line num="19" type="stmt" count="0"/>
        <metrics loc="20" ncloc="20" classes="1" methods="2" coveredmethods="0" conditionals="0" coveredconditionals="0" statements="9" coveredstatements="0" elements="11" coveredelements="0"/>
      </file>
    </package>
    <package name="Acme\DemoBundle\Twig\Extension">
      <file name="/home/synapse/CulturalStore/lappstack/project/CulturalStore/src/Acme/DemoBundle/Twig/Extension/DemoExtension.php">
        <class name="DemoExtension" namespace="Acme\DemoBundle\Twig\Extension">
          <metrics methods="7" coveredmethods="7" conditionals="0" coveredconditionals="0" statements="22" coveredstatements="20" elements="29" coveredelements="27"/>
        </class>
        <line num="0" type="stmt" count="1"/>
        <line num="12" type="method" name="__construct" crap="1" count="1"/>
        <line num="14" type="stmt" count="1"/>
        <line num="15" type="stmt" count="1"/>
        <line num="17" type="method" name="setController" crap="1" count="1"/>
        <line num="19" type="stmt" count="1"/>
        <line num="20" type="stmt" count="1"/>
        <line num="25" type="method" name="getFunctions" crap="1" count="1"/>
        <line num="28" type="stmt" count="1"/>
        <line num="29" type="stmt" count="1"/>
        <line num="32" type="method" name="getCode" crap="1" count="1"/>
        <line num="35" type="stmt" count="1"/>
        <line num="36" type="stmt" count="1"/>
        <line num="38" type="stmt" count="1"/>
        <line num="41" type="stmt" count="1"/>
        <line num="48" type="stmt" count="1"/>
        <line num="49" type="stmt" count="1"/>
        <line num="52" type="method" name="getControllerCode" crap="2.06" count="1"/>
        <line num="54" type="stmt" count="1"/>
        <line num="55" type="stmt" count="1"/>
        <line num="56" type="stmt" count="0"/>
        <line num="57" type="stmt" count="0"/>
        <line num="59" type="stmt" count="1"/>
        <line num="60" type="stmt" count="1"/>
        <line num="62" type="stmt" count="1"/>
        <line num="64" type="stmt" count="1"/>
        <line num="67" type="method" name="getTemplateCode" crap="1" count="1"/>
        <line num="69" type="stmt" count="1"/>
        <line num="77" type="method" name="getName" crap="1" count="1"/>
        <line num="79" type="stmt" count="1"/>
        <line num="82" type="stmt" count="1"/>
        <metrics loc="81" ncloc="69" classes="1" methods="7" coveredmethods="6" conditionals="0" coveredconditionals="0" statements="22" coveredstatements="20" elements="29" coveredelements="26"/>
      </file>
    </package>
    <metrics files="8" loc="299" ncloc="238" classes="8" methods="22" coveredmethods="11" conditionals="0" coveredconditionals="0" statements="65" coveredstatements="31" elements="87" coveredelements="42"/>
  </project>
</coverage>
